<?xml version="1.0" encoding="UTF-8"?>
<!-- Generated by org.testng.reporters.JUnitReportReporter -->
<testsuite skipped="0" hostname="arka2-PC" name="com.maven.scripts.TestIssueDate" tests="1" failures="0" timestamp="11 Feb 2021 08:18:48 GMT" time="24.591" errors="0">
  <testcase name="TestValidIssuDate" time="24.591" classname="com.maven.scripts.TestIssueDate"/>
</testsuite> <!-- com.maven.scripts.TestIssueDate -->
