<?xml version="1.0" encoding="UTF-8"?>
<!-- Generated by org.testng.reporters.JUnitReportReporter -->
<testsuite skipped="0" hostname="arka2-PC" name="com.maven.scripts.TestProductEdition" tests="1" failures="0" timestamp="11 Feb 2021 08:18:48 GMT" time="19.650" errors="0">
  <testcase name="TestValidProductEdition" time="19.650" classname="com.maven.scripts.TestProductEdition"/>
</testsuite> <!-- com.maven.scripts.TestProductEdition -->
